MobileDevelopment/app/build/intermediates/manifest_merge_blame_file/debug/manifest-merger-blame-debug-report.txt
1<?xml version="1.0" encoding="utf-8"?>
2<manifest xmlns:android="http://schemas.android.com/apk/res/android"
3    package="capstone.myapplication"
4    android:versionCode="1"
5    android:versionName="1.0" >
6
7    <uses-sdk
8        android:minSdkVersion="21"
8-->src\main\AndroidManifest.xml
9        android:targetSdkVersion="30" />
9-->src\main\AndroidManifest.xml
10
11    <uses-permission android:name="android.permission.INTERNET" />
11-->src\main\AndroidManifest.xml:5:5-67
11-->src\main\AndroidManifest.xml:5:22-64
12    <uses-permission android:name="android.permission.ACCESS_NETWORK_STATE" />
12-->src\main\AndroidManifest.xml:6:5-79
12-->src\main\AndroidManifest.xml:6:22-76
13    <uses-permission android:name="android.permission.ACCESS_FINE_LOCATION" />
13-->src\main\AndroidManifest.xml:7:5-79
13-->src\main\AndroidManifest.xml:7:22-76
14    <uses-permission android:name="android.permission.ACCESS_COARSE_LOCATION" />
14-->src\main\AndroidManifest.xml:8:5-81
14-->src\main\AndroidManifest.xml:8:22-78
15    <uses-permission android:name="android.permission.READ_EXTERNAL_STORAGE" />
15-->[com.github.dhaval2404:imagepicker-support:1.7.1] AndroidManifest.xml:11:5-80
15-->[com.github.dhaval2404:imagepicker-support:1.7.1] AndroidManifest.xml:11:22-77
16    <uses-permission android:name="android.permission.WRITE_EXTERNAL_STORAGE" />
16-->[com.github.dhaval2404:imagepicker-support:1.7.1] AndroidManifest.xml:12:5-81
16-->[com.github.dhaval2404:imagepicker-support:1.7.1] AndroidManifest.xml:12:22-78
17    <uses-permission android:name="android.permission.READ_PHONE_STATE" />
18
19    <application
19-->src\main\AndroidManifest.xml:10:5-40:19
20        android:allowBackup="true"
20-->src\main\AndroidManifest.xml:11:9-35
21        android:appComponentFactory="androidx.core.app.CoreComponentFactory"
21-->[androidx.core:core:1.5.0-rc01] AndroidManifest.xml:24:18-86
22        android:debuggable="true"
23        android:icon="@mipmap/botanic"
23-->src\main\AndroidManifest.xml:12:9-39
24        android:label="@string/app_name"
24-->src\main\AndroidManifest.xml:13:9-41
25        android:requestLegacyExternalStorage="true"
25-->src\main\AndroidManifest.xml:14:9-52
26        android:roundIcon="@mipmap/botanic"
26-->src\main\AndroidManifest.xml:15:9-44
27        android:supportsRtl="true"
27-->src\main\AndroidManifest.xml:16:9-35
28        android:theme="@style/Theme.PlantPest" >
28-->src\main\AndroidManifest.xml:17:9-47
29        <activity android:name="capstone.myapplication.view.ArticleActivity" />
29-->src\main\AndroidManifest.xml:18:9-67
29-->src\main\AndroidManifest.xml:18:19-55
30        <activity
30-->src\main\AndroidManifest.xml:19:9-22:66
31            android:name="capstone.myapplication.view.ResultActivity"
31-->src\main\AndroidManifest.xml:20:13-48
32            android:screenOrientation="portrait"
32-->src\main\AndroidManifest.xml:21:13-49
33            android:theme="@style/Theme.PlantPest.NoActionBar" />
33-->src\main\AndroidManifest.xml:22:13-63
34        <activity
34-->src\main\AndroidManifest.xml:23:9-26:66
35            android:name="capstone.myapplication.view.MainActivity"
35-->src\main\AndroidManifest.xml:24:13-46
36            android:screenOrientation="portrait"
36-->src\main\AndroidManifest.xml:25:13-49
37            android:theme="@style/Theme.PlantPest.NoActionBar" />
37-->src\main\AndroidManifest.xml:26:13-63
38        <activity
38-->src\main\AndroidManifest.xml:27:9-35:20
39            android:name="capstone.myapplication.view.SplashScreenActivity"
39-->src\main\AndroidManifest.xml:28:13-54
40            android:theme="@style/Theme.PlantPest.NoActionBar" >
40-->src\main\AndroidManifest.xml:29:13-63
41            <intent-filter>
41-->src\main\AndroidManifest.xml:30:13-34:29
42                <action android:name="android.intent.action.MAIN" />
42-->src\main\AndroidManifest.xml:31:17-69
42-->src\main\AndroidManifest.xml:31:25-66
43
44                <category android:name="android.intent.category.LAUNCHER" />
44-->src\main\AndroidManifest.xml:33:17-77
44-->src\main\AndroidManifest.xml:33:27-74
45            </intent-filter>
46        </activity>
47
48        <meta-data
48-->src\main\AndroidManifest.xml:37:9-39:57
49            android:name="preloaded_fonts"
49-->src\main\AndroidManifest.xml:38:13-43
50            android:resource="@array/preloaded_fonts" />
50-->src\main\AndroidManifest.xml:39:13-54
51
52        <activity
52-->[com.github.dhaval2404:imagepicker-support:1.7.1] AndroidManifest.xml:15:9-18:68
53            android:name="com.github.dhaval2404.imagepicker.ImagePickerActivity"
53-->[com.github.dhaval2404:imagepicker-support:1.7.1] AndroidManifest.xml:16:13-81
54            android:screenOrientation="unspecified"
54-->[com.github.dhaval2404:imagepicker-support:1.7.1] AndroidManifest.xml:17:13-52
55            android:theme="@style/Theme.Transparent.ImagePicker" />
55-->[com.github.dhaval2404:imagepicker-support:1.7.1] AndroidManifest.xml:18:13-65
56        <activity
56-->[com.github.dhaval2404:imagepicker-support:1.7.1] AndroidManifest.xml:19:9-22:72
57            android:name="com.yalantis.ucrop.UCropActivity"
57-->[com.github.dhaval2404:imagepicker-support:1.7.1] AndroidManifest.xml:20:13-60
58            android:screenOrientation="portrait"
58-->[com.github.dhaval2404:imagepicker-support:1.7.1] AndroidManifest.xml:21:13-49
59            android:theme="@style/Theme.AppCompat.Light.NoActionBar" />
59-->[com.github.dhaval2404:imagepicker-support:1.7.1] AndroidManifest.xml:22:13-69
60
61        <provider
61-->[com.github.dhaval2404:imagepicker-support:1.7.1] AndroidManifest.xml:24:9-32:20
62            android:name="com.github.dhaval2404.imagepicker.ImagePickerFileProvider"
62-->[com.github.dhaval2404:imagepicker-support:1.7.1] AndroidManifest.xml:25:13-85
63            android:authorities="capstone.myapplication.imagepicker.provider"
63-->[com.github.dhaval2404:imagepicker-support:1.7.1] AndroidManifest.xml:26:13-72
64            android:exported="false"
64-->[com.github.dhaval2404:imagepicker-support:1.7.1] AndroidManifest.xml:27:13-37
65            android:grantUriPermissions="true" >
65-->[com.github.dhaval2404:imagepicker-support:1.7.1] AndroidManifest.xml:28:13-47
66            <meta-data
66-->[com.github.dhaval2404:imagepicker-support:1.7.1] AndroidManifest.xml:29:13-31:71
67                android:name="android.support.FILE_PROVIDER_PATHS"
67-->[com.github.dhaval2404:imagepicker-support:1.7.1] AndroidManifest.xml:30:17-67
68                android:resource="@xml/image_picker_provider_paths" />
68-->[com.github.dhaval2404:imagepicker-support:1.7.1] AndroidManifest.xml:31:17-68
69        </provider>
70    </application>
71
72</manifest>